app/build/intermediates/manifest_merge_blame_file/release/processReleaseMainManifest/manifest-merger-blame-release-report.txt
1<?xml version="1.0" encoding="utf-8"?>
2<manifest xmlns:android="http://schemas.android.com/apk/res/android"
3    package="com.deepu.glyphtext"
4    android:versionCode="1"
5    android:versionName="1.0" >
6
7    <uses-sdk
8        android:minSdkVersion="34"
9        android:targetSdkVersion="35" />
10
11    <!-- Required permission for Glyph Matrix SDK access -->
12    <uses-permission android:name="com.nothing.ketchum.permission.ENABLE" />
12-->src\main\AndroidManifest.xml:6:5-77
12-->src\main\AndroidManifest.xml:6:22-74
13
14    <permission
14-->[androidx.core:core:1.16.0] AndroidManifest.xml:22:5-24:47
15        android:name="com.deepu.glyphtext.DYNAMIC_RECEIVER_NOT_EXPORTED_PERMISSION"
15-->[androidx.core:core:1.16.0] AndroidManifest.xml:23:9-81
16        android:protectionLevel="signature" />
16-->[androidx.core:core:1.16.0] AndroidManifest.xml:24:9-44
17
18    <uses-permission android:name="com.deepu.glyphtext.DYNAMIC_RECEIVER_NOT_EXPORTED_PERMISSION" />
18-->[androidx.core:core:1.16.0] AndroidManifest.xml:26:5-97
18-->[androidx.core:core:1.16.0] AndroidManifest.xml:26:22-94
19
20    <application
20-->src\main\AndroidManifest.xml:8:5-56:19
21        android:allowBackup="true"
21-->src\main\AndroidManifest.xml:9:9-35
22        android:appComponentFactory="androidx.core.app.CoreComponentFactory"
22-->[androidx.core:core:1.16.0] AndroidManifest.xml:28:18-86
23        android:dataExtractionRules="@xml/data_extraction_rules"
23-->src\main\AndroidManifest.xml:10:9-65
24        android:extractNativeLibs="false"
25        android:fullBackupContent="@xml/backup_rules"
25-->src\main\AndroidManifest.xml:11:9-54
26        android:icon="@mipmap/ic_launcher"
26-->src\main\AndroidManifest.xml:12:9-43
27        android:label="@string/app_name"
27-->src\main\AndroidManifest.xml:13:9-41
28        android:roundIcon="@mipmap/ic_launcher_round"
28-->src\main\AndroidManifest.xml:14:9-54
29        android:supportsRtl="true"
29-->src\main\AndroidManifest.xml:15:9-35
30        android:theme="@style/Theme.GlyphType.Splash" >
30-->src\main\AndroidManifest.xml:16:9-54
31
32        <!-- Nothing API Key — required by GlyphMatrixManager -->
33        <meta-data
33-->src\main\AndroidManifest.xml:19:9-21:36
34            android:name="NothingKey"
34-->src\main\AndroidManifest.xml:20:13-38
35            android:value="test" />
35-->src\main\AndroidManifest.xml:21:13-33
36
37        <!-- Main Activity -->
38        <activity
38-->src\main\AndroidManifest.xml:24:9-32:20
39            android:name="com.deepu.glyphtext.MainActivity"
39-->src\main\AndroidManifest.xml:25:13-41
40            android:exported="true"
40-->src\main\AndroidManifest.xml:26:13-36
41            android:theme="@style/Theme.GlyphType.Splash" >
41-->src\main\AndroidManifest.xml:27:13-58
42            <intent-filter>
42-->src\main\AndroidManifest.xml:28:13-31:29
43                <action android:name="android.intent.action.MAIN" />
43-->src\main\AndroidManifest.xml:29:17-69
43-->src\main\AndroidManifest.xml:29:25-66
44
45                <category android:name="android.intent.category.LAUNCHER" />
45-->src\main\AndroidManifest.xml:30:17-77
45-->src\main\AndroidManifest.xml:30:27-74
46            </intent-filter>
47        </activity>
48
49        <!-- Glyph Toy Service — runs text animation on AOD (Always-On Display) -->
50        <service
50-->src\main\AndroidManifest.xml:35:9-54:19
51            android:name="com.deepu.glyphtext.glyph.TextGlyphToyService"
51-->src\main\AndroidManifest.xml:36:13-54
52            android:exported="true" >
52-->src\main\AndroidManifest.xml:37:13-36
53            <intent-filter>
53-->src\main\AndroidManifest.xml:39:13-41:29
54                <action android:name="com.nothing.glyph.TOY" />
54-->src\main\AndroidManifest.xml:40:17-64
54-->src\main\AndroidManifest.xml:40:25-61
55            </intent-filter>
56
57            <meta-data
57-->src\main\AndroidManifest.xml:42:13-44:55
58                android:name="com.nothing.glyph.toy.name"
58-->src\main\AndroidManifest.xml:43:17-58
59                android:resource="@string/app_name" />
59-->src\main\AndroidManifest.xml:44:17-52
60            <meta-data
60-->src\main\AndroidManifest.xml:45:13-47:63
61                android:name="com.nothing.glyph.toy.image"
61-->src\main\AndroidManifest.xml:46:17-59
62                android:resource="@drawable/ic_toy_preview" />
62-->src\main\AndroidManifest.xml:47:17-60
63            <meta-data
63-->src\main\AndroidManifest.xml:48:13-50:58
64                android:name="com.nothing.glyph.toy.summary"
64-->src\main\AndroidManifest.xml:49:17-61
65                android:resource="@string/toy_summary" />
65-->src\main\AndroidManifest.xml:50:17-55
66            <meta-data
66-->src\main\AndroidManifest.xml:51:13-53:37
67                android:name="com.nothing.glyph.toy.aod_support"
67-->src\main\AndroidManifest.xml:52:17-65
68                android:value="1" />
68-->src\main\AndroidManifest.xml:53:17-34
69        </service>
70
71        <provider
71-->[androidx.emoji2:emoji2:1.4.0] AndroidManifest.xml:24:9-32:20
72            android:name="androidx.startup.InitializationProvider"
72-->[androidx.emoji2:emoji2:1.4.0] AndroidManifest.xml:25:13-67
73            android:authorities="com.deepu.glyphtext.androidx-startup"
73-->[androidx.emoji2:emoji2:1.4.0] AndroidManifest.xml:26:13-68
74            android:exported="false" >
74-->[androidx.emoji2:emoji2:1.4.0] AndroidManifest.xml:27:13-37
75            <meta-data
75-->[androidx.emoji2:emoji2:1.4.0] AndroidManifest.xml:29:13-31:52
76                android:name="androidx.emoji2.text.EmojiCompatInitializer"
76-->[androidx.emoji2:emoji2:1.4.0] AndroidManifest.xml:30:17-75
77                android:value="androidx.startup" />
77-->[androidx.emoji2:emoji2:1.4.0] AndroidManifest.xml:31:17-49
78            <meta-data
78-->[androidx.lifecycle:lifecycle-process:2.9.1] AndroidManifest.xml:29:13-31:52
79                android:name="androidx.lifecycle.ProcessLifecycleInitializer"
79-->[androidx.lifecycle:lifecycle-process:2.9.1] AndroidManifest.xml:30:17-78
80                android:value="androidx.startup" />
80-->[androidx.lifecycle:lifecycle-process:2.9.1] AndroidManifest.xml:31:17-49
81            <meta-data
81-->[androidx.profileinstaller:profileinstaller:1.4.0] AndroidManifest.xml:29:13-31:52
82                android:name="androidx.profileinstaller.ProfileInstallerInitializer"
82-->[androidx.profileinstaller:profileinstaller:1.4.0] AndroidManifest.xml:30:17-85
83                android:value="androidx.startup" />
83-->[androidx.profileinstaller:profileinstaller:1.4.0] AndroidManifest.xml:31:17-49
84        </provider>
85
86        <receiver
86-->[androidx.profileinstaller:profileinstaller:1.4.0] AndroidManifest.xml:34:9-52:20
87            android:name="androidx.profileinstaller.ProfileInstallReceiver"
87-->[androidx.profileinstaller:profileinstaller:1.4.0] AndroidManifest.xml:35:13-76
88            android:directBootAware="false"
88-->[androidx.profileinstaller:profileinstaller:1.4.0] AndroidManifest.xml:36:13-44
89            android:enabled="true"
89-->[androidx.profileinstaller:profileinstaller:1.4.0] AndroidManifest.xml:37:13-35
90            android:exported="true"
90-->[androidx.profileinstaller:profileinstaller:1.4.0] AndroidManifest.xml:38:13-36
91            android:permission="android.permission.DUMP" >
91-->[androidx.profileinstaller:profileinstaller:1.4.0] AndroidManifest.xml:39:13-57
92            <intent-filter>
92-->[androidx.profileinstaller:profileinstaller:1.4.0] AndroidManifest.xml:40:13-42:29
93                <action android:name="androidx.profileinstaller.action.INSTALL_PROFILE" />
93-->[androidx.profileinstaller:profileinstaller:1.4.0] AndroidManifest.xml:41:17-91
93-->[androidx.profileinstaller:profileinstaller:1.4.0] AndroidManifest.xml:41:25-88
94            </intent-filter>
95            <intent-filter>
95-->[androidx.profileinstaller:profileinstaller:1.4.0] AndroidManifest.xml:43:13-45:29
96                <action android:name="androidx.profileinstaller.action.SKIP_FILE" />
96-->[androidx.profileinstaller:profileinstaller:1.4.0] AndroidManifest.xml:44:17-85
96-->[androidx.profileinstaller:profileinstaller:1.4.0] AndroidManifest.xml:44:25-82
97            </intent-filter>
98            <intent-filter>
98-->[androidx.profileinstaller:profileinstaller:1.4.0] AndroidManifest.xml:46:13-48:29
99                <action android:name="androidx.profileinstaller.action.SAVE_PROFILE" />
99-->[androidx.profileinstaller:profileinstaller:1.4.0] AndroidManifest.xml:47:17-88
99-->[androidx.profileinstaller:profileinstaller:1.4.0] AndroidManifest.xml:47:25-85
100            </intent-filter>
101            <intent-filter>
101-->[androidx.profileinstaller:profileinstaller:1.4.0] AndroidManifest.xml:49:13-51:29
102                <action android:name="androidx.profileinstaller.action.BENCHMARK_OPERATION" />
102-->[androidx.profileinstaller:profileinstaller:1.4.0] AndroidManifest.xml:50:17-95
102-->[androidx.profileinstaller:profileinstaller:1.4.0] AndroidManifest.xml:50:25-92
103            </intent-filter>
104        </receiver>
105    </application>
106
107</manifest>